{
  "stats": {
    "suites": 2,
    "tests": 15,
    "passes": 14,
    "pending": 0,
    "failures": 1,
    "start": "2024-11-12T08:04:57.756Z",
    "end": "2024-11-12T08:07:20.065Z",
    "duration": 142309,
    "testsRegistered": 15,
    "passPercent": 93.33333333333333,
    "pendingPercent": 0,
    "other": 0,
    "hasOther": false,
    "skipped": 0,
    "hasSkipped": false
  },
  "results": [
    {
      "uuid": "e6b9a08b-cd6c-44f5-9322-969a6b2f34e5",
      "title": "",
      "fullFile": "",
      "file": "",
      "beforeHooks": [],
      "afterHooks": [],
      "tests": [],
      "suites": [
        {
          "uuid": "679580f5-e122-40d2-a712-40f60e03b77d",
          "title": "Selenium Test",
          "fullFile": "D:\\all\\Test\\test1\\src\\testlogin.ts",
          "file": "\\src\\testlogin.ts",
          "beforeHooks": [
            {
              "title": "\"before each\" hook in \"Selenium Test\"",
              "fullTitle": "Selenium Test \"before each\" hook in \"Selenium Test\"",
              "timedOut": false,
              "duration": 1027,
              "state": null,
              "speed": null,
              "pass": false,
              "fail": false,
              "pending": false,
              "context": null,
              "code": "return __awaiter(this, void 0, void 0, function* () {\n    driver = yield new selenium_webdriver_1.Builder().forBrowser(\"MicrosoftEdge\").build();\n});",
              "err": {},
              "uuid": "947c032b-bb30-401c-8568-48e64162bdd5",
              "parentUUID": "679580f5-e122-40d2-a712-40f60e03b77d",
              "isHook": true,
              "skipped": false
            }
          ],
          "afterHooks": [
            {
              "title": "\"after each\" hook in \"Selenium Test\"",
              "fullTitle": "Selenium Test \"after each\" hook in \"Selenium Test\"",
              "timedOut": false,
              "duration": 5080,
              "state": null,
              "speed": null,
              "pass": false,
              "fail": false,
              "pending": false,
              "context": null,
              "code": "return __awaiter(this, void 0, void 0, function* () {\n    yield driver.sleep(5000);\n    yield driver.quit();\n});",
              "err": {},
              "uuid": "20472887-c08d-4f18-ba08-c099b6c165ec",
              "parentUUID": "679580f5-e122-40d2-a712-40f60e03b77d",
              "isHook": true,
              "skipped": false
            }
          ],
          "tests": [
            {
              "title": "Kiểm tra URL chính xác",
              "fullTitle": "Selenium Test Kiểm tra URL chính xác",
              "timedOut": false,
              "duration": 3879,
              "state": "passed",
              "speed": "slow",
              "pass": true,
              "fail": false,
              "pending": false,
              "context": null,
              "code": "return __awaiter(this, void 0, void 0, function* () {\n    this.timeout(15000);\n    const targetUrl = \"http://localhost:3001/login\";\n    yield driver.get(baseUrl);\n    yield driver.sleep(2000);\n    let url = yield driver.getCurrentUrl();\n    console.log(\"URL hiện tại:\", url);\n    assert.equal(url, targetUrl, \"URL không chính xác\");\n});",
              "err": {},
              "uuid": "b9569175-63c7-46d2-bed5-b10f49df936a",
              "parentUUID": "679580f5-e122-40d2-a712-40f60e03b77d",
              "isHook": false,
              "skipped": false
            },
            {
              "title": "Kiem tra login: Đúng tài khoản, đúng mật khẩu",
              "fullTitle": "Selenium Test Kiem tra login: Đúng tài khoản, đúng mật khẩu",
              "timedOut": false,
              "duration": 4763,
              "state": "passed",
              "speed": "slow",
              "pass": true,
              "fail": false,
              "pending": false,
              "context": null,
              "code": "return __awaiter(this, void 0, void 0, function* () {\n    this.timeout(15000);\n    const targetUrl = \"http://localhost:3001/home-page\";\n    yield driver.get(baseUrl);\n    yield driver.findElement(selenium_webdriver_1.By.id(email_id)).sendKeys(\"huy2609003hsr@gmail.com\");\n    yield driver.findElement(selenium_webdriver_1.By.id(password_id)).sendKeys(\"Huy260903-_-\");\n    yield driver.findElement(selenium_webdriver_1.By.className(button_class)).click();\n    yield driver.sleep(2000);\n    let url = yield driver.getCurrentUrl();\n    console.log(\"URL hiện tại:\", url);\n    assert.equal(url, targetUrl, \"Dang nhap khong thanh cong\");\n    console.log(\"Dang nhap thanh cong\");\n});",
              "err": {},
              "uuid": "5ea82ca3-6f11-4040-9a82-fc5102edc62f",
              "parentUUID": "679580f5-e122-40d2-a712-40f60e03b77d",
              "isHook": false,
              "skipped": false
            },
            {
              "title": "Kiem tra login: Sai tài khoản, đúng mật khẩu",
              "fullTitle": "Selenium Test Kiem tra login: Sai tài khoản, đúng mật khẩu",
              "timedOut": false,
              "duration": 4173,
              "state": "passed",
              "speed": "slow",
              "pass": true,
              "fail": false,
              "pending": false,
              "context": null,
              "code": "return __awaiter(this, void 0, void 0, function* () {\n    this.timeout(15000);\n    yield driver.get(baseUrl);\n    yield driver.findElement(selenium_webdriver_1.By.id(email_id)).sendKeys(\"huy260900@hsrgmail.com\");\n    yield driver.findElement(selenium_webdriver_1.By.id(password_id)).sendKeys(\"Huy260903-_-\");\n    yield driver.findElement(selenium_webdriver_1.By.className(button_class)).click();\n    yield driver.sleep(2000);\n    assert.ok(yield driver.findElement(selenium_webdriver_1.By.id(isError_id)), \"Tai khoan va mat khau khong sai\");\n    console.log(\"Dang nhap thanh cong\");\n});",
              "err": {},
              "uuid": "9273864f-3f50-489c-9f9c-aa9768899330",
              "parentUUID": "679580f5-e122-40d2-a712-40f60e03b77d",
              "isHook": false,
              "skipped": false
            },
            {
              "title": "Kiem tra login: Đúng tài khoản, sai mật khẩu",
              "fullTitle": "Selenium Test Kiem tra login: Đúng tài khoản, sai mật khẩu",
              "timedOut": false,
              "duration": 5640,
              "state": "passed",
              "speed": "slow",
              "pass": true,
              "fail": false,
              "pending": false,
              "context": null,
              "code": "return __awaiter(this, void 0, void 0, function* () {\n    this.timeout(15000);\n    yield driver.get(baseUrl);\n    yield driver.findElement(selenium_webdriver_1.By.id(email_id)).sendKeys(\"huy2609003hsr@gmail.com\");\n    yield driver.findElement(selenium_webdriver_1.By.id(password_id)).sendKeys(\"Huy260903-_-:))\");\n    yield driver.findElement(selenium_webdriver_1.By.className(button_class)).click();\n    yield driver.sleep(2000);\n    assert.ok(yield driver.findElement(selenium_webdriver_1.By.id(isError_id)), \"Tai khoan va mat khau khong sai\");\n    console.log(\"Dang nhap thanh cong\");\n});",
              "err": {},
              "uuid": "13990abb-3d57-4a8c-9599-a19c1ec402ff",
              "parentUUID": "679580f5-e122-40d2-a712-40f60e03b77d",
              "isHook": false,
              "skipped": false
            },
            {
              "title": "Kiem tra login: Sai tài khoản và mật khẩu",
              "fullTitle": "Selenium Test Kiem tra login: Sai tài khoản và mật khẩu",
              "timedOut": false,
              "duration": 4099,
              "state": "passed",
              "speed": "slow",
              "pass": true,
              "fail": false,
              "pending": false,
              "context": null,
              "code": "return __awaiter(this, void 0, void 0, function* () {\n    this.timeout(15000);\n    yield driver.get(baseUrl);\n    yield driver.findElement(selenium_webdriver_1.By.id(email_id)).sendKeys(\"huy2609003@hsrgmail.com\");\n    yield driver.findElement(selenium_webdriver_1.By.id(password_id)).sendKeys(\"Huy260903-_-:))\");\n    yield driver.findElement(selenium_webdriver_1.By.className(button_class)).click();\n    yield driver.sleep(2000);\n    assert.ok(yield driver.findElement(selenium_webdriver_1.By.id(\"isError\")), \"Tai khoan va mat khau khong sai\");\n    console.log(\"Dang nhap thanh cong\");\n});",
              "err": {},
              "uuid": "69c691c2-9263-4b97-93e5-ac864092fde0",
              "parentUUID": "679580f5-e122-40d2-a712-40f60e03b77d",
              "isHook": false,
              "skipped": false
            },
            {
              "title": "Kiểm tra login: Email không được để trống",
              "fullTitle": "Selenium Test Kiểm tra login: Email không được để trống",
              "timedOut": false,
              "duration": 5015,
              "state": "passed",
              "speed": "slow",
              "pass": true,
              "fail": false,
              "pending": false,
              "context": null,
              "code": "return __awaiter(this, void 0, void 0, function* () {\n    this.timeout(15000);\n    const target = \"Email không được để trống\";\n    let truelly = false;\n    yield driver.get(baseUrl);\n    // await driver.findElement(By.id(email_id)).sendKeys(\"\");\n    // await driver.sleep(3000);\n    yield driver.findElement(selenium_webdriver_1.By.id(password_id)).sendKeys(\"Huy260903-_-\");\n    yield driver.findElement(selenium_webdriver_1.By.className(button_class)).click();\n    yield driver.sleep(2000);\n    const elements = yield driver.findElements(selenium_webdriver_1.By.className(errorMessage_classs));\n    //console.log(\"Text:\", text);\n    for (const ele of elements) {\n        const text = yield ele.getText();\n        if (text === target)\n            truelly = true;\n    }\n    console.log(truelly);\n    assert.ok(truelly, \"Email khong bi trong\");\n    // console.log(\"Email co ton tai\");\n});",
              "err": {},
              "uuid": "8864502f-322b-4bc9-af36-a47616fb2897",
              "parentUUID": "679580f5-e122-40d2-a712-40f60e03b77d",
              "isHook": false,
              "skipped": false
            },
            {
              "title": "Kiểm tra login: Mật khẩu Không được để trống",
              "fullTitle": "Selenium Test Kiểm tra login: Mật khẩu Không được để trống",
              "timedOut": false,
              "duration": 4075,
              "state": "passed",
              "speed": "slow",
              "pass": true,
              "fail": false,
              "pending": false,
              "context": null,
              "code": "return __awaiter(this, void 0, void 0, function* () {\n    this.timeout(15000);\n    const target = \"Mật khẩu không được để trống\";\n    let truelly = false;\n    yield driver.get(baseUrl);\n    yield driver.findElement(selenium_webdriver_1.By.id(email_id)).sendKeys(\"Huy2609003hsr@gmail.com\");\n    // await driver.sleep(3000);\n    //await driver.findElement(By.id(password_id)).sendKeys(\"Huy260903-_-\");\n    yield driver.findElement(selenium_webdriver_1.By.className(button_class)).click();\n    yield driver.sleep(2000);\n    const elements = yield driver.findElements(selenium_webdriver_1.By.className(errorMessage_classs));\n    //console.log(\"Text:\", text);\n    for (const ele of elements) {\n        const text = yield ele.getText();\n        if (text === target)\n            truelly = true;\n    }\n    assert.ok(truelly, \"Mat khau khong bi trong\");\n    // console.log(\"Email co ton tai\");\n});",
              "err": {},
              "uuid": "9b9aa220-06de-4b44-a43d-ebc0ebab2e00",
              "parentUUID": "679580f5-e122-40d2-a712-40f60e03b77d",
              "isHook": false,
              "skipped": false
            },
            {
              "title": "Kiểm tra login: Email không đúng định dạng",
              "fullTitle": "Selenium Test Kiểm tra login: Email không đúng định dạng",
              "timedOut": false,
              "duration": 4412,
              "state": "passed",
              "speed": "slow",
              "pass": true,
              "fail": false,
              "pending": false,
              "context": null,
              "code": "return __awaiter(this, void 0, void 0, function* () {\n    this.timeout(15000);\n    const target = \"Định dạng không hợp lệ\";\n    let truelly = false;\n    yield driver.get(baseUrl);\n    yield driver.findElement(selenium_webdriver_1.By.id(email_id)).sendKeys(\"Huy2609003hsrgmail.com\");\n    yield driver.findElement(selenium_webdriver_1.By.id(password_id)).sendKeys(\"Huy260903-_-\");\n    yield driver.findElement(selenium_webdriver_1.By.className(button_class)).click();\n    yield driver.sleep(2000);\n    const elements = yield driver.findElements(selenium_webdriver_1.By.className(errorMessage_classs));\n    //console.log(\"Text:\", text);\n    for (const ele of elements) {\n        const text = yield ele.getText();\n        if (text === target)\n            truelly = true;\n    }\n    assert.ok(truelly, \"Dinh dang da hop le\");\n    // console.log(\"Email co ton tai\");\n});",
              "err": {},
              "uuid": "1d85c9cb-e020-4069-b68f-28b361a57ac2",
              "parentUUID": "679580f5-e122-40d2-a712-40f60e03b77d",
              "isHook": false,
              "skipped": false
            }
          ],
          "suites": [],
          "passes": [
            "b9569175-63c7-46d2-bed5-b10f49df936a",
            "5ea82ca3-6f11-4040-9a82-fc5102edc62f",
            "9273864f-3f50-489c-9f9c-aa9768899330",
            "13990abb-3d57-4a8c-9599-a19c1ec402ff",
            "69c691c2-9263-4b97-93e5-ac864092fde0",
            "8864502f-322b-4bc9-af36-a47616fb2897",
            "9b9aa220-06de-4b44-a43d-ebc0ebab2e00",
            "1d85c9cb-e020-4069-b68f-28b361a57ac2"
          ],
          "failures": [],
          "pending": [],
          "skipped": [],
          "duration": 36056,
          "root": false,
          "rootEmpty": false,
          "_timeout": 20000
        },
        {
          "uuid": "e41facc0-f6b2-4baf-b870-c99a96a30131",
          "title": "Selenium Test 2",
          "fullFile": "D:\\all\\Test\\test1\\src\\testlogin.ts",
          "file": "\\src\\testlogin.ts",
          "beforeHooks": [
            {
              "title": "\"before each\" hook in \"Selenium Test 2\"",
              "fullTitle": "Selenium Test 2 \"before each\" hook in \"Selenium Test 2\"",
              "timedOut": false,
              "duration": 1082,
              "state": null,
              "speed": null,
              "pass": false,
              "fail": false,
              "pending": false,
              "context": null,
              "code": "return __awaiter(this, void 0, void 0, function* () {\n    driver = yield new selenium_webdriver_1.Builder().forBrowser(\"MicrosoftEdge\").build();\n});",
              "err": {},
              "uuid": "84cc88cc-4720-4427-aec4-a3141d054b3e",
              "parentUUID": "e41facc0-f6b2-4baf-b870-c99a96a30131",
              "isHook": true,
              "skipped": false
            }
          ],
          "afterHooks": [
            {
              "title": "\"after each\" hook in \"Selenium Test 2\"",
              "fullTitle": "Selenium Test 2 \"after each\" hook in \"Selenium Test 2\"",
              "timedOut": false,
              "duration": 102,
              "state": null,
              "speed": null,
              "pass": false,
              "fail": false,
              "pending": false,
              "context": null,
              "code": "return __awaiter(this, void 0, void 0, function* () {\n    yield driver.quit();\n});",
              "err": {},
              "uuid": "329f5fd2-0b5d-47c0-a5e1-f1c0be0f7518",
              "parentUUID": "e41facc0-f6b2-4baf-b870-c99a96a30131",
              "isHook": true,
              "skipped": false
            }
          ],
          "tests": [
            {
              "title": "Kiểm tra URL chính xác",
              "fullTitle": "Selenium Test 2 Kiểm tra URL chính xác",
              "timedOut": false,
              "duration": 4321,
              "state": "passed",
              "speed": "slow",
              "pass": true,
              "fail": false,
              "pending": false,
              "context": null,
              "code": "return __awaiter(this, void 0, void 0, function* () {\n    this.timeout(15000);\n    const targetUrl = \"http://localhost:3001/signup\";\n    yield driver.get(baseUrl);\n    yield driver.sleep(2000);\n    let url = yield driver.getCurrentUrl();\n    console.log(\"URL hiện tại:\", url);\n    assert.equal(url, targetUrl, \"URL không chính xác\");\n});",
              "err": {},
              "uuid": "a3eaa2b1-36b1-4288-b4ed-2515b44b69bf",
              "parentUUID": "e41facc0-f6b2-4baf-b870-c99a96a30131",
              "isHook": false,
              "skipped": false
            },
            {
              "title": "Kiểm tra register: Đăng kí với đầy đủ thông tin",
              "fullTitle": "Selenium Test 2 Kiểm tra register: Đăng kí với đầy đủ thông tin",
              "timedOut": false,
              "duration": 6843,
              "state": "failed",
              "speed": null,
              "pass": false,
              "fail": true,
              "pending": false,
              "context": null,
              "code": "return __awaiter(this, void 0, void 0, function* () {\n    this.timeout(15000);\n    const targetUrl = \"http://localhost:3001/login\";\n    yield driver.get(baseUrl);\n    yield driver.sleep(2000);\n    yield driver.findElement(selenium_webdriver_1.By.id(firstName_id)).sendKeys(\"THANH\");\n    yield driver.findElement(selenium_webdriver_1.By.id(lastName_id)).sendKeys(\"HUY\");\n    yield driver.findElement(selenium_webdriver_1.By.id(email_id)).sendKeys(\"huy2609003hsr20@gmail.com\");\n    yield driver.findElement(selenium_webdriver_1.By.id(password_id)).sendKeys(\"Huy260903-_-\");\n    yield driver.findElement(selenium_webdriver_1.By.id(re_password_id)).sendKeys(\"Huy260903-_-\");\n    yield driver.findElement(selenium_webdriver_1.By.className(button_class)).click();\n    yield driver.sleep(2000);\n    const currentUrl = yield driver.getCurrentUrl();\n    assert.equal(currentUrl, targetUrl, \"dang ky that bai\");\n});",
              "err": {
                "message": "AssertionError: dang ky that bai",
                "estack": "AssertionError [ERR_ASSERTION]: dang ky that bai\n    at Context.<anonymous> (src\\testlogin.ts:176:12)\n    at Generator.next (<anonymous>)\n    at fulfilled (src\\testlogin.ts:5:58)\n    at processTicksAndRejections (node:internal/process/task_queues:95:5)",
                "diff": "- http://localhost:3001/signup\n+ http://localhost:3001/login\n"
              },
              "uuid": "1cf9fe1d-3d94-4f39-965c-84c4b397d006",
              "parentUUID": "e41facc0-f6b2-4baf-b870-c99a96a30131",
              "isHook": false,
              "skipped": false
            },
            {
              "title": "DKiểm tra register: Đăng ký khi xác thực mật khẩu không khớp",
              "fullTitle": "Selenium Test 2 DKiểm tra register: Đăng ký khi xác thực mật khẩu không khớp",
              "timedOut": false,
              "duration": 6517,
              "state": "passed",
              "speed": "slow",
              "pass": true,
              "fail": false,
              "pending": false,
              "context": null,
              "code": "__awaiter(this, void 0, void 0, function* () {\n        this.timeout(15000);\n        let truelly = false;\n        const target = \"Mật khẩu không trùng khớp\";\n        yield driver.get(baseUrl);\n        yield driver.sleep(2000);\n        yield driver.findElement(selenium_webdriver_1.By.id(firstName_id)).sendKeys(\"THANH\");\n        yield driver.findElement(selenium_webdriver_1.By.id(lastName_id)).sendKeys(\"HUY\");\n        yield driver.findElement(selenium_webdriver_1.By.id(email_id)).sendKeys(\"huy2609003hsr8@gmail.com\");\n        yield driver.findElement(selenium_webdriver_1.By.id(password_id)).sendKeys(\"Huy260903-_-\");\n        yield driver.findElement(selenium_webdriver_1.By.id(re_password_id)).sendKeys(\"Huy260903-_-:))\");\n        yield driver.findElement(selenium_webdriver_1.By.className(button_class)).click();\n        yield driver.sleep(2000);\n        const elements = yield driver.findElements(selenium_webdriver_1.By.className(errorMessage_classs));\n        //console.log(\"Text:\", text);\n        for (const ele of elements) {\n            const text = yield ele.getText();\n            if (text === target)\n                truelly = true;\n        }\n        console.log(truelly);\n        assert.ok(truelly, \"Mat khau trung khop\");\n    })",
              "err": {},
              "uuid": "1fe98639-a97c-4c3e-9f2b-5cb164b97546",
              "parentUUID": "e41facc0-f6b2-4baf-b870-c99a96a30131",
              "isHook": false,
              "skipped": false
            },
            {
              "title": "Kiểm tra register: Đăng kí với email không đúng định dạng",
              "fullTitle": "Selenium Test 2 Kiểm tra register: Đăng kí với email không đúng định dạng",
              "timedOut": false,
              "duration": 7256,
              "state": "passed",
              "speed": "slow",
              "pass": true,
              "fail": false,
              "pending": false,
              "context": null,
              "code": "__awaiter(this, void 0, void 0, function* () {\n        this.timeout(15000);\n        let truelly = false;\n        const target = \"Định dạng email không hợp lệ\";\n        yield driver.get(baseUrl);\n        yield driver.sleep(2000);\n        yield driver.findElement(selenium_webdriver_1.By.id(firstName_id)).sendKeys(\"THANH\");\n        yield driver.findElement(selenium_webdriver_1.By.id(lastName_id)).sendKeys(\"HUY\");\n        yield driver.findElement(selenium_webdriver_1.By.id(email_id)).sendKeys(\"huy2609003hsr8gmail.com\");\n        yield driver.findElement(selenium_webdriver_1.By.id(password_id)).sendKeys(\"uy260903-_-\");\n        yield driver.findElement(selenium_webdriver_1.By.id(re_password_id)).sendKeys(\"uy260903-_-:))\");\n        yield driver.findElement(selenium_webdriver_1.By.className(button_class)).click();\n        yield driver.sleep(2000);\n        const elements = yield driver.findElements(selenium_webdriver_1.By.className(errorMessage_classs));\n        //console.log(\"Text:\", text);\n        for (const ele of elements) {\n            const text = yield ele.getText();\n            if (text === target)\n                truelly = true;\n        }\n        console.log(truelly);\n        assert.ok(truelly, \"Dinh dang email hop le\");\n    })",
              "err": {},
              "uuid": "92643d80-60e5-4bce-8574-c9d745917fab",
              "parentUUID": "e41facc0-f6b2-4baf-b870-c99a96a30131",
              "isHook": false,
              "skipped": false
            },
            {
              "title": "Kiểm tra register: Đăng ký với email đã tồn tại",
              "fullTitle": "Selenium Test 2 Kiểm tra register: Đăng ký với email đã tồn tại",
              "timedOut": false,
              "duration": 11471,
              "state": "passed",
              "speed": "slow",
              "pass": true,
              "fail": false,
              "pending": false,
              "context": null,
              "code": "__awaiter(this, void 0, void 0, function* () {\n        this.timeout(15000);\n        yield driver.get(baseUrl);\n        yield driver.sleep(2000);\n        yield driver.findElement(selenium_webdriver_1.By.id(firstName_id)).sendKeys(\"THANH\");\n        yield driver.findElement(selenium_webdriver_1.By.id(lastName_id)).sendKeys(\"HUY\");\n        yield driver.findElement(selenium_webdriver_1.By.id(email_id)).sendKeys(\"huy2609003hsr8gmail.com\");\n        yield driver.findElement(selenium_webdriver_1.By.id(password_id)).sendKeys(\"uy260903-_-\");\n        yield driver.findElement(selenium_webdriver_1.By.id(re_password_id)).sendKeys(\"uy260903-_-:))\");\n        yield driver.findElement(selenium_webdriver_1.By.className(button_class)).click();\n        yield driver.sleep(2000);\n        assert.ok(yield driver.findElement(selenium_webdriver_1.By.id(isExist_id)), \"Email hop le\");\n    })",
              "err": {},
              "uuid": "ea58b358-b0d6-46ac-8a77-38c548faa283",
              "parentUUID": "e41facc0-f6b2-4baf-b870-c99a96a30131",
              "isHook": false,
              "skipped": false
            },
            {
              "title": "Kiểm tra register: Đăng ký với thông tin để trống",
              "fullTitle": "Selenium Test 2 Kiểm tra register: Đăng ký với thông tin để trống",
              "timedOut": false,
              "duration": 6187,
              "state": "passed",
              "speed": "slow",
              "pass": true,
              "fail": false,
              "pending": false,
              "context": null,
              "code": "return __awaiter(this, void 0, void 0, function* () {\n    this.timeout(15000);\n    let truelly = false;\n    const target = \"Mục này không được để trống\";\n    yield driver.get(baseUrl);\n    yield driver.sleep(2000);\n    // await driver.findElement(By.id(firstName_id)).sendKeys(\"THANH\");\n    // await driver.findElement(By.id(lastName_id)).sendKeys(\"HUY\");\n    // await driver.findElement(By.id(email_id)).sendKeys(\"huy2609003hsr7@gmail.com\");\n    // await driver.findElement(By.id(password_id).sendKeys(\"Huy260903-_-\");\n    // await driver.findElement(By.id(re_password_id)).sendKeys(\"Huy260903-_-\");\n    yield driver.findElement(selenium_webdriver_1.By.className(button_class)).click();\n    yield driver.sleep(2000);\n    const elements = yield driver.findElements(selenium_webdriver_1.By.className(errorMessage_classs));\n    for (const ele of elements) {\n        const text = yield ele.getText();\n        if (text === target)\n            truelly = true;\n    }\n    console.log(truelly);\n    assert.ok(truelly, \"Khong co text box trong\");\n});",
              "err": {},
              "uuid": "d72f1f91-0f9e-4fd4-85c1-af28a5d680e1",
              "parentUUID": "e41facc0-f6b2-4baf-b870-c99a96a30131",
              "isHook": false,
              "skipped": false
            },
            {
              "title": "Kiểm tra register: Mật khẩu chưa đủ 8 ký tự",
              "fullTitle": "Selenium Test 2 Kiểm tra register: Mật khẩu chưa đủ 8 ký tự",
              "timedOut": false,
              "duration": 6138,
              "state": "passed",
              "speed": "slow",
              "pass": true,
              "fail": false,
              "pending": false,
              "context": null,
              "code": "return __awaiter(this, void 0, void 0, function* () {\n    this.timeout(15000);\n    let truelly = false;\n    const target = \"Mật khẩu tối thiểu 8 ký tự\";\n    yield driver.get(baseUrl);\n    yield driver.sleep(2000);\n    yield driver.findElement(selenium_webdriver_1.By.id(firstName_id)).sendKeys(\"THANH\");\n    yield driver.findElement(selenium_webdriver_1.By.id(lastName_id)).sendKeys(\"HUY\");\n    yield driver.findElement(selenium_webdriver_1.By.id(email_id)).sendKeys(\"huy2609003hsr7@gmail.com\");\n    yield driver.findElement(selenium_webdriver_1.By.id(password_id)).sendKeys(\"H\");\n    yield driver.findElement(selenium_webdriver_1.By.id(re_password_id)).sendKeys(\"H\");\n    yield driver.findElement(selenium_webdriver_1.By.className(button_class)).click();\n    yield driver.sleep(2000);\n    const elements = yield driver.findElements(selenium_webdriver_1.By.className(errorMessage_classs));\n    for (const ele of elements) {\n        const text = yield ele.getText();\n        if (text === target)\n            truelly = true;\n    }\n    assert.ok(truelly, \"Mat khau da du 8 ky tu\");\n});",
              "err": {},
              "uuid": "ad7de873-ea51-489f-b2aa-2b979a988fe3",
              "parentUUID": "e41facc0-f6b2-4baf-b870-c99a96a30131",
              "isHook": false,
              "skipped": false
            }
          ],
          "suites": [],
          "passes": [
            "a3eaa2b1-36b1-4288-b4ed-2515b44b69bf",
            "1fe98639-a97c-4c3e-9f2b-5cb164b97546",
            "92643d80-60e5-4bce-8574-c9d745917fab",
            "ea58b358-b0d6-46ac-8a77-38c548faa283",
            "d72f1f91-0f9e-4fd4-85c1-af28a5d680e1",
            "ad7de873-ea51-489f-b2aa-2b979a988fe3"
          ],
          "failures": [
            "1cf9fe1d-3d94-4f39-965c-84c4b397d006"
          ],
          "pending": [],
          "skipped": [],
          "duration": 48733,
          "root": false,
          "rootEmpty": false,
          "_timeout": 15000
        }
      ],
      "passes": [],
      "failures": [],
      "pending": [],
      "skipped": [],
      "duration": 0,
      "root": true,
      "rootEmpty": true,
      "_timeout": 2000
    }
  ],
  "meta": {
    "mocha": {
      "version": "10.7.3"
    },
    "mochawesome": {
      "options": {
        "quiet": false,
        "reportFilename": "mochawesome",
        "saveHtml": true,
        "saveJson": true,
        "consoleReporter": "spec",
        "useInlineDiffs": false,
        "code": true
      },
      "version": "7.1.3"
    },
    "marge": {
      "options": null,
      "version": "6.2.0"
    }
  }
}